# JRE version: OpenJDK Runtime Environment (8.0_212-b04) (build 1.8.0_212-release-1586-b04)
# Java VM: OpenJDK 64-Bit Server VM (25.212-b04 mixed mode windows-amd64 compressed oops)
Heap:
 PSYoungGen      total 197632K, used 11634K [0x00000000e0000000, 0x00000000ed980000, 0x0000000100000000)
  eden space 182784K, 6% used [0x00000000e0000000,0x00000000e0b5c840,0x00000000eb280000)
  from space 14848K, 0% used [0x00000000eb680000,0x00000000eb680000,0x00000000ec500000)
  to   space 19968K, 0% used [0x00000000ec600000,0x00000000ec600000,0x00000000ed980000)
 ParOldGen       total 144896K, used 34039K [0x00000000a0000000, 0x00000000a8d80000, 0x00000000e0000000)
  object space 144896K, 23% used [0x00000000a0000000,0x00000000a213dec0,0x00000000a8d80000)
 Metaspace       used 57628K, capacity 60023K, committed 60364K, reserved 1103872K
  class space    used 7986K, capacity 8541K, committed 8652K, reserved 1048576K
GC Heap History (10 events):
Event: 4.084 GC heap before
{Heap before GC invocations=10 (full 2):
 PSYoungGen      total 124416K, used 112128K [0x00000000e0000000, 0x00000000ed380000, 0x0000000100000000)
  eden space 112128K, 100% used [0x00000000e0000000,0x00000000e6d80000,0x00000000e6d80000)
  from space 12288K, 0% used [0x00000000e6d80000,0x00000000e6d80000,0x00000000e7980000)
  to   space 13312K, 0% used [0x00000000ec680000,0x00000000ec680000,0x00000000ed380000)
 ParOldGen       total 144896K, used 17689K [0x00000000a0000000, 0x00000000a8d80000, 0x00000000e0000000)
  object space 144896K, 12% used [0x00000000a0000000,0x00000000a1146410,0x00000000a8d80000)
 Metaspace       used 44518K, capacity 45684K, committed 46080K, reserved 1089536K
  class space    used 6012K, capacity 6330K, committed 6400K, reserved 1048576K
Event: 4.091 GC heap after
Heap after GC invocations=10 (full 2):
 PSYoungGen      total 165888K, used 13310K [0x00000000e0000000, 0x00000000ed380000, 0x0000000100000000)
  eden space 152576K, 0% used [0x00000000e0000000,0x00000000e0000000,0x00000000e9500000)
  from space 13312K, 99% used [0x00000000ec680000,0x00000000ed37fa68,0x00000000ed380000)
  to   space 14848K, 0% used [0x00000000eb680000,0x00000000eb680000,0x00000000ec500000)
 ParOldGen       total 144896K, used 18280K [0x00000000a0000000, 0x00000000a8d80000, 0x00000000e0000000)
  object space 144896K, 12% used [0x00000000a0000000,0x00000000a11da1d0,0x00000000a8d80000)
 Metaspace       used 44518K, capacity 45684K, committed 46080K, reserved 1089536K
  class space    used 6012K, capacity 6330K, committed 6400K, reserved 1048576K
}
Event: 5.355 GC heap before
{Heap before GC invocations=11 (full 2):
 PSYoungGen      total 165888K, used 165886K [0x00000000e0000000, 0x00000000ed380000, 0x0000000100000000)
  eden space 152576K, 100% used [0x00000000e0000000,0x00000000e9500000,0x00000000e9500000)
  from space 13312K, 99% used [0x00000000ec680000,0x00000000ed37fa68,0x00000000ed380000)
  to   space 14848K, 0% used [0x00000000eb680000,0x00000000eb680000,0x00000000ec500000)
 ParOldGen       total 144896K, used 18280K [0x00000000a0000000, 0x00000000a8d80000, 0x00000000e0000000)
  object space 144896K, 12% used [0x00000000a0000000,0x00000000a11da1d0,0x00000000a8d80000)
 Metaspace       used 56072K, capacity 57964K, committed 58112K, reserved 1099776K
  class space    used 7709K, capacity 8155K, committed 8192K, reserved 1048576K
Event: 5.369 GC heap after
Heap after GC invocations=11 (full 2):
 PSYoungGen      total 197632K, used 14829K [0x00000000e0000000, 0x00000000ed980000, 0x0000000100000000)
  eden space 182784K, 0% used [0x00000000e0000000,0x00000000e0000000,0x00000000eb280000)
  from space 14848K, 99% used [0x00000000eb680000,0x00000000ec4fb7c0,0x00000000ec500000)
  to   space 19968K, 0% used [0x00000000ec600000,0x00000000ec600000,0x00000000ed980000)
 ParOldGen       total 144896K, used 26664K [0x00000000a0000000, 0x00000000a8d80000, 0x00000000e0000000)
  object space 144896K, 18% used [0x00000000a0000000,0x00000000a1a0a380,0x00000000a8d80000)
 Metaspace       used 56072K, capacity 57964K, committed 58112K, reserved 1099776K
  class space    used 7709K, capacity 8155K, committed 8192K, reserved 1048576K
}
Event: 5.537 GC heap before
{Heap before GC invocations=12 (full 2):
 PSYoungGen      total 197632K, used 44311K [0x00000000e0000000, 0x00000000ed980000, 0x0000000100000000)
  eden space 182784K, 16% used [0x00000000e0000000,0x00000000e1cca730,0x00000000eb280000)
  from space 14848K, 99% used [0x00000000eb680000,0x00000000ec4fb7c0,0x00000000ec500000)
  to   space 19968K, 0% used [0x00000000ec600000,0x00000000ec600000,0x00000000ed980000)
 ParOldGen       total 144896K, used 26664K [0x00000000a0000000, 0x00000000a8d80000, 0x00000000e0000000)
  object space 144896K, 18% used [0x00000000a0000000,0x00000000a1a0a380,0x00000000a8d80000)
 Metaspace       used 57123K, capacity 59102K, committed 59352K, reserved 1099776K
  class space    used 7863K, capacity 8318K, committed 8320K, reserved 1048576K
Event: 5.544 GC heap after
Heap after GC invocations=12 (full 2):
 PSYoungGen      total 202752K, used 12492K [0x00000000e0000000, 0x00000000ed980000, 0x0000000100000000)
  eden space 182784K, 0% used [0x00000000e0000000,0x00000000e0000000,0x00000000eb280000)
  from space 19968K, 62% used [0x00000000ec600000,0x00000000ed233220,0x00000000ed980000)
  to   space 14848K, 0% used [0x00000000eb680000,0x00000000eb680000,0x00000000ec500000)
 ParOldGen       total 144896K, used 32968K [0x00000000a0000000, 0x00000000a8d80000, 0x00000000e0000000)
  object space 144896K, 22% used [0x00000000a0000000,0x00000000a2032398,0x00000000a8d80000)
 Metaspace       used 57123K, capacity 59102K, committed 59352K, reserved 1099776K
  class space    used 7863K, capacity 8318K, committed 8320K, reserved 1048576K
}
Event: 5.556 GC heap before
{Heap before GC invocations=13 (full 2):
 PSYoungGen      total 202752K, used 21541K [0x00000000e0000000, 0x00000000ed980000, 0x0000000100000000)
  eden space 182784K, 4% used [0x00000000e0000000,0x00000000e08d6240,0x00000000eb280000)
  from space 19968K, 62% used [0x00000000ec600000,0x00000000ed233220,0x00000000ed980000)
  to   space 14848K, 0% used [0x00000000eb680000,0x00000000eb680000,0x00000000ec500000)
 ParOldGen       total 144896K, used 32968K [0x00000000a0000000, 0x00000000a8d80000, 0x00000000e0000000)
  object space 144896K, 22% used [0x00000000a0000000,0x00000000a2032398,0x00000000a8d80000)
 Metaspace       used 57283K, capacity 59427K, committed 59428K, reserved 1099776K
  class space    used 7899K, capacity 8396K, committed 8396K, reserved 1048576K
Event: 5.560 GC heap after
Heap after GC invocations=13 (full 2):
 PSYoungGen      total 197632K, used 12305K [0x00000000e0000000, 0x00000000ed980000, 0x0000000100000000)
  eden space 182784K, 0% used [0x00000000e0000000,0x00000000e0000000,0x00000000eb280000)
  from space 14848K, 82% used [0x00000000eb680000,0x00000000ec2844e0,0x00000000ec500000)
  to   space 19968K, 0% used [0x00000000ec600000,0x00000000ec600000,0x00000000ed980000)
 ParOldGen       total 144896K, used 32976K [0x00000000a0000000, 0x00000000a8d80000, 0x00000000e0000000)
  object space 144896K, 22% used [0x00000000a0000000,0x00000000a2034398,0x00000000a8d80000)
 Metaspace       used 57283K, capacity 59427K, committed 59428K, reserved 1099776K
  class space    used 7899K, capacity 8396K, committed 8396K, reserved 1048576K
}
Event: 5.560 GC heap before
{Heap before GC invocations=14 (full 3):
 PSYoungGen      total 197632K, used 12305K [0x00000000e0000000, 0x00000000ed980000, 0x0000000100000000)
  eden space 182784K, 0% used [0x00000000e0000000,0x00000000e0000000,0x00000000eb280000)
  from space 14848K, 82% used [0x00000000eb680000,0x00000000ec2844e0,0x00000000ec500000)
  to   space 19968K, 0% used [0x00000000ec600000,0x00000000ec600000,0x00000000ed980000)
 ParOldGen       total 144896K, used 32976K [0x00000000a0000000, 0x00000000a8d80000, 0x00000000e0000000)
  object space 144896K, 22% used [0x00000000a0000000,0x00000000a2034398,0x00000000a8d80000)
 Metaspace       used 57283K, capacity 59427K, committed 59428K, reserved 1099776K
  class space    used 7899K, capacity 8396K, committed 8396K, reserved 1048576K
Event: 5.737 GC heap after
Heap after GC invocations=14 (full 3):
 PSYoungGen      total 197632K, used 0K [0x00000000e0000000, 0x00000000ed980000, 0x0000000100000000)
  eden space 182784K, 0% used [0x00000000e0000000,0x00000000e0000000,0x00000000eb280000)
  from space 14848K, 0% used [0x00000000eb680000,0x00000000eb680000,0x00000000ec500000)
  to   space 19968K, 0% used [0x00000000ec600000,0x00000000ec600000,0x00000000ed980000)
 ParOldGen       total 144896K, used 34039K [0x00000000a0000000, 0x00000000a8d80000, 0x00000000e0000000)
  object space 144896K, 23% used [0x00000000a0000000,0x00000000a213dec0,0x00000000a8d80000)
 Metaspace       used 57198K, capacity 59173K, committed 59428K, reserved 1099776K
  class space    used 7871K, capacity 8347K, committed 8396K, reserved 1048576K
}

